2025-09-25 22:07:19,369 - INFO - Connected to DuckDB
2025-09-25 22:07:19,371 - INFO - Dropped clean tables if they exist
2025-09-25 22:07:19,371 - INFO - Cleaning yellow_all table
2025-09-25 22:07:19,375 - ERROR - An error occurred: Binder Error: Referenced column "dropoff_datetime" not found in FROM clause!
Candidate bindings: "tpep_dropoff_datetime", "airport_fee", "trip_distance", "tpep_pickup_datetime", "payment_type"

LINE 8:                     (dropoff_datetime - pickup_datetime) <= INTERVAL 1 DAY
                             ^
2025-09-25 22:10:35,858 - INFO - Connected to DuckDB
2025-09-25 22:10:35,858 - INFO - Dropped clean tables if they exist
2025-09-25 22:10:35,859 - INFO - Cleaning yellow_all table
2025-09-25 22:10:35,859 - ERROR - An error occurred: Binder Error: Referenced column "dropoff_datetime" not found in FROM clause!
Candidate bindings: "tpep_dropoff_datetime", "airport_fee", "trip_distance", "tpep_pickup_datetime", "payment_type"

LINE 8:                     (dropoff_datetime - pickup_datetime) <= INTERVAL 1 DAY
                             ^
2025-09-25 22:20:13,551 - INFO - Connected to DuckDB
2025-09-25 22:20:13,552 - INFO - Dropped clean tables if they exist
2025-09-25 22:20:13,552 - INFO - Cleaning yellow_all table
2025-09-25 22:22:28,359 - INFO - Cleaning green_all table
2025-09-25 22:22:38,479 - INFO - Created green_cleaned with filtered data
2025-09-25 22:25:37,884 - INFO - Connected to DuckDB
2025-09-25 22:25:37,884 - INFO - Dropped clean tables if they exist
2025-09-25 22:25:37,884 - INFO - Cleaning yellow_all table
2025-09-25 22:25:37,887 - ERROR - An error occurred: Catalog Error: Table with name "yellow_cleaned" already exists!
2025-09-25 22:26:04,587 - INFO - Connected to DuckDB
2025-09-25 22:26:04,587 - INFO - Dropped clean tables if they exist
2025-09-25 22:26:04,587 - INFO - Cleaning yellow_all table
2025-09-25 22:26:04,588 - ERROR - An error occurred: Catalog Error: Table with name "yellow_cleaned" already exists!
2025-09-25 22:26:51,844 - INFO - Connected to DuckDB
2025-09-25 22:26:51,844 - INFO - Dropped clean tables if they exist
2025-09-25 22:26:51,844 - INFO - Cleaning yellow_all table
2025-09-25 22:29:03,611 - INFO - Created yellow_clean with filtered data
2025-09-25 22:29:03,616 - INFO - Cleaning green_all table
2025-09-25 22:29:13,447 - INFO - Created green_clean with filtered data
2025-09-25 23:23:21,694 - INFO - Connected to DuckDB
2025-09-25 23:23:22,116 - INFO - Dropped clean tables if they exist
2025-09-25 23:23:22,116 - INFO - Cleaning yellow_all table
2025-09-25 23:25:32,111 - INFO - Created yellow_clean with filtered data
2025-09-25 23:25:36,008 - INFO - Cleaning green_all table
2025-09-25 23:25:47,441 - INFO - Created green_clean with filtered data
2025-09-25 23:28:00,709 - INFO - Connected to DuckDB
2025-09-25 23:28:01,124 - INFO - Dropped clean tables if they exist
2025-09-25 23:28:01,124 - INFO - Cleaning yellow_all table
2025-09-25 23:30:17,978 - INFO - Created yellow_clean with filtered data
2025-09-25 23:30:20,467 - INFO - Cleaning green_all table
2025-09-25 23:30:32,099 - INFO - Created green_clean with filtered data
2025-09-25 23:39:25,276 - INFO - Connected to DuckDB
2025-09-25 23:39:25,716 - INFO - Dropped clean tables if they exist
2025-09-25 23:39:25,716 - INFO - Cleaning yellow_all table
2025-09-25 23:41:37,801 - INFO - Created yellow_clean with filtered data
2025-09-25 23:41:38,969 - INFO - Cleaning green_all table
2025-09-25 23:41:50,773 - INFO - Created green_clean with filtered data
